[0.011s] Invoking command in '/home/jason/Desktop/navi/build/fast_lio': CMAKE_PREFIX_PATH=/home/jason/Desktop/navi/install/livox_ros_driver2:/home/jason/Desktop/auto_aim/install/rm_vision_bringup:/home/jason/Desktop/auto_aim/install/rm_serial_driver:/home/jason/Desktop/auto_aim/install/rm_gimbal_description:/home/jason/Desktop/auto_aim/install/rm_auto_aim:/home/jason/Desktop/auto_aim/install/mindvision_camera:/home/jason/Desktop/auto_aim/install/hik_camera:/home/jason/Desktop/auto_aim/install/armor_tracker:/home/jason/Desktop/auto_aim/install/armor_detector:/home/jason/Desktop/auto_aim/install/auto_aim_interfaces:/home/jason/Desktop/Decision_moudle/install/decision_moudle:/home/jason/Desktop/navi/install/waypoint_rviz_plugin:/home/jason/Desktop/navi/install/waypoint_example:/home/jason/Desktop/navi/install/visualization_tools:/home/jason/Desktop/navi/install/velodyne_simulator:/home/jason/Desktop/navi/install/velodyne_gazebo_plugins:/home/jason/Desktop/navi/install/velodyne_description:/home/jason/Desktop/navi/install/rm_nav_bringup:/home/jason/Desktop/navi/install/vehicle_simulator:/home/jason/Desktop/navi/install/terrain_analysis_ext:/home/jason/Desktop/navi/install/terrain_analysis:/home/jason/Desktop/navi/install/sensor_scan_generation:/home/jason/Desktop/navi/install/path2waypoint:/home/jason/Desktop/navi/install/mapping:/home/jason/Desktop/navi/install/local_planner:/home/jason/Desktop/navi/install/loam_interface:/home/jason/Desktop/navi/install/fast_lio:/home/jason/Desktop/navi/install/linefit_ground_segmentation_ros:/home/jason/Desktop/navi/install/linefit_ground_segmentation:/home/jason/Desktop/navi/install/joy:/home/jason/Desktop/navi/install/icp_localization_ros2:/home/jason/Desktop/navi/install/a_star:/opt/ros/humble LD_LIBRARY_PATH=/home/jason/Desktop/navi/install/livox_ros_driver2/lib:/home/jason/Desktop/auto_aim/install/rm_serial_driver/lib:/home/jason/Desktop/auto_aim/install/mindvision_camera/lib:/home/jason/Desktop/auto_aim/install/hik_camera/lib:/home/jason/Desktop/auto_aim/install/armor_tracker/lib:/home/jason/Desktop/auto_aim/install/armor_detector/lib:/home/jason/Desktop/auto_aim/install/auto_aim_interfaces/lib:/home/jason/Desktop/Decision_moudle/install/decision_moudle/lib:/home/jason/Desktop/navi/install/velodyne_gazebo_plugins/lib:/home/jason/Desktop/navi/install/fast_lio/lib:/home/jason/Desktop/navi/install/linefit_ground_segmentation/lib:/home/jason/Desktop/navi/install/joy/lib:/home/jason/Desktop/navi/install/a_star/lib:/opt/MVS/lib/64:/opt/MVS/lib/32:/usr/lib/x86_64-linux-gnu/gazebo-11/plugins:/opt/ros/humble/opt/rviz_ogre_vendor/lib:/opt/ros/humble/lib/x86_64-linux-gnu:/opt/ros/humble/lib:/opt/MVS/lib/64:/opt/MVS/lib/32:/opt/MVS/lib/64:/opt/MVS/lib/32 /usr/bin/cmake --build /home/jason/Desktop/navi/build/fast_lio -- -j20 -l20
[0.058s] [  8%] Built target fast_lio__rosidl_generator_c
[0.059s] [ 11%] Built target fast_lio__cpp
[0.065s] [ 11%] Built target ament_cmake_python_symlink_fast_lio
[0.067s] [35m[1mConsolidate compiler generated dependencies of target fast_lio__rosidl_typesupport_cpp[0m
[0.067s] [35m[1mConsolidate compiler generated dependencies of target fast_lio__rosidl_typesupport_fastrtps_cpp[0m
[0.068s] [35m[1mConsolidate compiler generated dependencies of target fast_lio__rosidl_typesupport_fastrtps_c[0m
[0.068s] [35m[1mConsolidate compiler generated dependencies of target fast_lio__rosidl_typesupport_introspection_cpp[0m
[0.076s] [ 22%] Built target fast_lio__rosidl_typesupport_cpp
[0.077s] [ 28%] Built target fast_lio__rosidl_typesupport_introspection_c
[0.077s] [ 37%] Built target fast_lio__rosidl_typesupport_fastrtps_c
[0.077s] [ 48%] Built target fast_lio__rosidl_typesupport_c
[0.078s] [ 54%] Built target fast_lio__rosidl_typesupport_introspection_cpp
[0.078s] [ 62%] Built target fast_lio__rosidl_typesupport_fastrtps_cpp
[0.095s] [35m[1mConsolidate compiler generated dependencies of target fastlio_mapping[0m
[0.096s] [ 62%] Built target fast_lio
[0.113s] [ 65%] Built target fast_lio__py
[0.122s] [ 68%] [32mBuilding CXX object CMakeFiles/fastlio_mapping.dir/src/laserMapping.cpp.o[0m
[0.123s] [35m[1mConsolidate compiler generated dependencies of target fast_lio__rosidl_generator_py[0m
[0.135s] [ 74%] Built target fast_lio__rosidl_generator_py
[0.145s] [35m[1mConsolidate compiler generated dependencies of target fast_lio__rosidl_typesupport_introspection_c__pyext[0m
[0.145s] [35m[1mConsolidate compiler generated dependencies of target fast_lio__rosidl_typesupport_fastrtps_c__pyext[0m
[0.146s] [35m[1mConsolidate compiler generated dependencies of target fast_lio__rosidl_typesupport_c__pyext[0m
[0.155s] [ 80%] Built target fast_lio__rosidl_typesupport_fastrtps_c__pyext
[0.156s] [ 85%] Built target fast_lio__rosidl_typesupport_introspection_c__pyext
[0.158s] [ 91%] Built target fast_lio__rosidl_typesupport_c__pyext
[0.231s] running egg_info
[0.232s] writing fast_lio.egg-info/PKG-INFO
[0.232s] writing dependency_links to fast_lio.egg-info/dependency_links.txt
[0.232s] writing top-level names to fast_lio.egg-info/top_level.txt
[0.234s] reading manifest file 'fast_lio.egg-info/SOURCES.txt'
[0.235s] writing manifest file 'fast_lio.egg-info/SOURCES.txt'
[0.255s] [ 91%] Built target ament_cmake_python_build_fast_lio_egg
[3.648s] In file included from [01m[K/usr/include/boost/smart_ptr/detail/sp_thread_sleep.hpp:22[m[K,
[3.648s]                  from [01m[K/usr/include/boost/smart_ptr/detail/yield_k.hpp:23[m[K,
[3.648s]                  from [01m[K/usr/include/boost/smart_ptr/detail/spinlock_gcc_atomic.hpp:14[m[K,
[3.648s]                  from [01m[K/usr/include/boost/smart_ptr/detail/spinlock.hpp:42[m[K,
[3.648s]                  from [01m[K/usr/include/boost/smart_ptr/detail/spinlock_pool.hpp:25[m[K,
[3.648s]                  from [01m[K/usr/include/boost/smart_ptr/shared_ptr.hpp:29[m[K,
[3.648s]                  from [01m[K/usr/include/boost/shared_ptr.hpp:17[m[K,
[3.648s]                  from [01m[K/usr/include/boost/date_time/microsec_time_clock.hpp:18[m[K,
[3.648s]                  from [01m[K/usr/include/boost/interprocess/detail/posix_time_types_wrk.hpp:31[m[K,
[3.648s]                  from [01m[K/usr/include/boost/interprocess/detail/os_thread_functions.hpp:36[m[K,
[3.648s]                  from [01m[K/usr/include/boost/interprocess/sync/file_lock.hpp:26[m[K,
[3.648s]                  from [01m[K/usr/include/pcl-1.12/pcl/io/pcd_io.h:46[m[K,
[3.648s]                  from [01m[K/opt/ros/humble/include/pcl_conversions/pcl_conversions.h:72[m[K,
[3.649s]                  from [01m[K/home/jason/Desktop/navi/src/localization/FAST_LIO/src/IMU_Processing.hpp:18[m[K,
[3.649s]                  from [01m[K/home/jason/Desktop/navi/src/localization/FAST_LIO/src/laserMapping.cpp:47[m[K:
[3.649s] [01m[K/usr/include/boost/bind.hpp:36:1:[m[K [01;36m[Knote: [m[Kâ€˜[01m[K#pragma message: The practice of declaring the Bind placeholders (_1, _2, ...) in the global namespace is deprecated. Please use <boost/bind/bind.hpp> + using namespace boost::placeholders, or define BOOST_BIND_GLOBAL_PLACEHOLDERS to retain the current behavior.[m[Kâ€™
[3.649s]    36 | [01;36m[KBOOST_PRAGMA_MESSAGE[m[K(
[3.649s]       | [01;36m[K^~~~~~~~~~~~~~~~~~~~[m[K
[4.437s] In file included from [01m[K/opt/ros/humble/include/rclcpp/rclcpp/client.hpp:40[m[K,
[4.437s]                  from [01m[K/opt/ros/humble/include/rclcpp/rclcpp/callback_group.hpp:24[m[K,
[4.437s]                  from [01m[K/opt/ros/humble/include/rclcpp/rclcpp/any_executable.hpp:20[m[K,
[4.437s]                  from [01m[K/opt/ros/humble/include/rclcpp/rclcpp/memory_strategy.hpp:25[m[K,
[4.437s]                  from [01m[K/opt/ros/humble/include/rclcpp/rclcpp/memory_strategies.hpp:18[m[K,
[4.437s]                  from [01m[K/opt/ros/humble/include/rclcpp/rclcpp/executor_options.hpp:20[m[K,
[4.437s]                  from [01m[K/opt/ros/humble/include/rclcpp/rclcpp/executor.hpp:37[m[K,
[4.437s]                  from [01m[K/opt/ros/humble/include/rclcpp/rclcpp/executors/multi_threaded_executor.hpp:25[m[K,
[4.437s]                  from [01m[K/opt/ros/humble/include/rclcpp/rclcpp/executors.hpp:21[m[K,
[4.437s]                  from [01m[K/opt/ros/humble/include/rclcpp/rclcpp/rclcpp.hpp:155[m[K,
[4.438s]                  from [01m[K/home/jason/Desktop/navi/src/localization/FAST_LIO/src/laserMapping.cpp:45[m[K:
[4.438s] [01m[K/home/jason/Desktop/navi/src/localization/FAST_LIO/src/laserMapping.cpp:[m[K In function â€˜[01m[Kvoid publish_frame_world(rclcpp::Publisher<sensor_msgs::msg::PointCloud2_<std::allocator<void> > >::SharedPtr)[m[Kâ€™:
[4.438s] [01m[K/home/jason/Desktop/navi/src/localization/FAST_LIO/src/laserMapping.cpp:510:21:[m[K [01;31m[Kerror: [m[Kinvalid use of â€˜[01m[Kthis[m[Kâ€™ in non-member function
[4.438s]   510 |         RCLCPP_INFO([01;31m[Kthis[m[K->get_logger(), "scan_pub_en");
[4.438s]       |                     [01;31m[K^~~~[m[K
[4.438s] [01m[K/home/jason/Desktop/navi/src/localization/FAST_LIO/src/laserMapping.cpp:510:21:[m[K [01;31m[Kerror: [m[Kinvalid use of â€˜[01m[Kthis[m[Kâ€™ in non-member function
[4.438s] [01m[K/home/jason/Desktop/navi/src/localization/FAST_LIO/src/laserMapping.cpp:510:9:[m[K [01;31m[Kerror: [m[Ktemplate argument 1 is invalid
[4.438s]   510 |         [01;31m[KRCLCPP_INFO[m[K(this->get_logger(), "scan_pub_en");
[4.438s]       |         [01;31m[K^~~~~~~~~~~[m[K
[4.438s] [01m[K/home/jason/Desktop/navi/src/localization/FAST_LIO/src/laserMapping.cpp:510:9:[m[K [01;31m[Kerror: [m[Kâ€˜[01m[K<declaration error>[m[Kâ€™ is not a template [[01;31m[K]8;;https://gcc.gnu.org/onlinedocs/gcc/Warning-Options.html#index-fpermissive-fpermissive]8;;[m[K]
[4.438s]   510 |         [01;31m[KRCLCPP_INFO[m[K(this->get_logger(), "scan_pub_en");
[4.438s]       |         [01;31m[K^~~~~~~~~~~[m[K
[4.438s] [01m[K/home/jason/Desktop/navi/src/localization/FAST_LIO/src/laserMapping.cpp:510:9:[m[K [01;31m[Kerror: [m[Ktemplate argument 1 is invalid
[4.438s]   510 |         [01;31m[KRCLCPP_INFO[m[K(this->get_logger(), "scan_pub_en");
[4.438s]       |         [01;31m[K^~~~~~~~~~~[m[K
[4.438s] [01m[K/home/jason/Desktop/navi/src/localization/FAST_LIO/src/laserMapping.cpp:510:9:[m[K [01;31m[Kerror: [m[Kâ€˜[01m[K<declaration error>[m[Kâ€™ is not a template [[01;31m[K]8;;https://gcc.gnu.org/onlinedocs/gcc/Warning-Options.html#index-fpermissive-fpermissive]8;;[m[K]
[4.438s]   510 |         [01;31m[KRCLCPP_INFO[m[K(this->get_logger(), "scan_pub_en");
[4.438s]       |         [01;31m[K^~~~~~~~~~~[m[K
[4.438s] [01m[K/home/jason/Desktop/navi/src/localization/FAST_LIO/src/laserMapping.cpp:510:9:[m[K [01;31m[Kerror: [m[Ktemplate argument 1 is invalid
[4.438s]   510 |         [01;31m[KRCLCPP_INFO[m[K(this->get_logger(), "scan_pub_en");
[4.438s]       |         [01;31m[K^~~~~~~~~~~[m[K
[4.438s] In file included from [01m[K/opt/ros/humble/include/rclcpp/rclcpp/logging.hpp:24[m[K,
[4.438s]                  from [01m[K/opt/ros/humble/include/rclcpp/rclcpp/client.hpp:40[m[K,
[4.438s]                  from [01m[K/opt/ros/humble/include/rclcpp/rclcpp/callback_group.hpp:24[m[K,
[4.438s]                  from [01m[K/opt/ros/humble/include/rclcpp/rclcpp/any_executable.hpp:20[m[K,
[4.438s]                  from [01m[K/opt/ros/humble/include/rclcpp/rclcpp/memory_strategy.hpp:25[m[K,
[4.438s]                  from [01m[K/opt/ros/humble/include/rclcpp/rclcpp/memory_strategies.hpp:18[m[K,
[4.438s]                  from [01m[K/opt/ros/humble/include/rclcpp/rclcpp/executor_options.hpp:20[m[K,
[4.439s]                  from [01m[K/opt/ros/humble/include/rclcpp/rclcpp/executor.hpp:37[m[K,
[4.439s]                  from [01m[K/opt/ros/humble/include/rclcpp/rclcpp/executors/multi_threaded_executor.hpp:25[m[K,
[4.439s]                  from [01m[K/opt/ros/humble/include/rclcpp/rclcpp/executors.hpp:21[m[K,
[4.439s]                  from [01m[K/opt/ros/humble/include/rclcpp/rclcpp/rclcpp.hpp:155[m[K,
[4.439s]                  from [01m[K/home/jason/Desktop/navi/src/localization/FAST_LIO/src/laserMapping.cpp:45[m[K:
[4.439s] [01m[K/home/jason/Desktop/navi/src/localization/FAST_LIO/src/laserMapping.cpp:510:21:[m[K [01;31m[Kerror: [m[Kinvalid use of â€˜[01m[Kthis[m[Kâ€™ in non-member function
[4.439s]   510 |         RCLCPP_INFO([01;31m[Kthis[m[K->get_logger(), "scan_pub_en");
[4.439s]       |                     [01;31m[K^~~~[m[K
[4.439s] [01m[K/home/jason/Desktop/navi/src/localization/FAST_LIO/src/laserMapping.cpp:510:21:[m[K [01;31m[Kerror: [m[Kinvalid use of â€˜[01m[Kthis[m[Kâ€™ in non-member function
[4.439s]   510 |         RCLCPP_INFO([01;31m[Kthis[m[K->get_logger(), "scan_pub_en");
[4.439s]       |                     [01;31m[K^~~~[m[K
[4.439s] In file included from [01m[K/opt/ros/humble/include/rclcpp/rclcpp/client.hpp:40[m[K,
[4.439s]                  from [01m[K/opt/ros/humble/include/rclcpp/rclcpp/callback_group.hpp:24[m[K,
[4.439s]                  from [01m[K/opt/ros/humble/include/rclcpp/rclcpp/any_executable.hpp:20[m[K,
[4.439s]                  from [01m[K/opt/ros/humble/include/rclcpp/rclcpp/memory_strategy.hpp:25[m[K,
[4.439s]                  from [01m[K/opt/ros/humble/include/rclcpp/rclcpp/memory_strategies.hpp:18[m[K,
[4.439s]                  from [01m[K/opt/ros/humble/include/rclcpp/rclcpp/executor_options.hpp:20[m[K,
[4.439s]                  from [01m[K/opt/ros/humble/include/rclcpp/rclcpp/executor.hpp:37[m[K,
[4.439s]                  from [01m[K/opt/ros/humble/include/rclcpp/rclcpp/executors/multi_threaded_executor.hpp:25[m[K,
[4.439s]                  from [01m[K/opt/ros/humble/include/rclcpp/rclcpp/executors.hpp:21[m[K,
[4.439s]                  from [01m[K/opt/ros/humble/include/rclcpp/rclcpp/rclcpp.hpp:155[m[K,
[4.439s]                  from [01m[K/home/jason/Desktop/navi/src/localization/FAST_LIO/src/laserMapping.cpp:45[m[K:
[4.439s] [01m[K/home/jason/Desktop/navi/src/localization/FAST_LIO/src/laserMapping.cpp:536:21:[m[K [01;31m[Kerror: [m[Kinvalid use of â€˜[01m[Kthis[m[Kâ€™ in non-member function
[4.439s]   536 |         RCLCPP_INFO([01;31m[Kthis[m[K->get_logger(), "scan_pub_en");
[4.439s]       |                     [01;31m[K^~~~[m[K
[4.439s] [01m[K/home/jason/Desktop/navi/src/localization/FAST_LIO/src/laserMapping.cpp:536:21:[m[K [01;31m[Kerror: [m[Kinvalid use of â€˜[01m[Kthis[m[Kâ€™ in non-member function
[4.439s] [01m[K/home/jason/Desktop/navi/src/localization/FAST_LIO/src/laserMapping.cpp:536:9:[m[K [01;31m[Kerror: [m[Ktemplate argument 1 is invalid
[4.439s]   536 |         [01;31m[KRCLCPP_INFO[m[K(this->get_logger(), "scan_pub_en");
[4.439s]       |         [01;31m[K^~~~~~~~~~~[m[K
[4.439s] [01m[K/home/jason/Desktop/navi/src/localization/FAST_LIO/src/laserMapping.cpp:536:9:[m[K [01;31m[Kerror: [m[Kâ€˜[01m[K<declaration error>[m[Kâ€™ is not a template [[01;31m[K]8;;https://gcc.gnu.org/onlinedocs/gcc/Warning-Options.html#index-fpermissive-fpermissive]8;;[m[K]
[4.439s]   536 |         [01;31m[KRCLCPP_INFO[m[K(this->get_logger(), "scan_pub_en");
[4.439s]       |         [01;31m[K^~~~~~~~~~~[m[K
[4.439s] [01m[K/home/jason/Desktop/navi/src/localization/FAST_LIO/src/laserMapping.cpp:536:9:[m[K [01;31m[Kerror: [m[Ktemplate argument 1 is invalid
[4.439s]   536 |         [01;31m[KRCLCPP_INFO[m[K(this->get_logger(), "scan_pub_en");
[4.439s]       |         [01;31m[K^~~~~~~~~~~[m[K
[4.439s] [01m[K/home/jason/Desktop/navi/src/localization/FAST_LIO/src/laserMapping.cpp:536:9:[m[K [01;31m[Kerror: [m[Kâ€˜[01m[K<declaration error>[m[Kâ€™ is not a template [[01;31m[K]8;;https://gcc.gnu.org/onlinedocs/gcc/Warning-Options.html#index-fpermissive-fpermissive]8;;[m[K]
[4.440s]   536 |         [01;31m[KRCLCPP_INFO[m[K(this->get_logger(), "scan_pub_en");
[4.440s]       |         [01;31m[K^~~~~~~~~~~[m[K
[4.440s] [01m[K/home/jason/Desktop/navi/src/localization/FAST_LIO/src/laserMapping.cpp:536:9:[m[K [01;31m[Kerror: [m[Ktemplate argument 1 is invalid
[4.440s]   536 |         [01;31m[KRCLCPP_INFO[m[K(this->get_logger(), "scan_pub_en");
[4.440s]       |         [01;31m[K^~~~~~~~~~~[m[K
[4.440s] In file included from [01m[K/opt/ros/humble/include/rclcpp/rclcpp/logging.hpp:24[m[K,
[4.440s]                  from [01m[K/opt/ros/humble/include/rclcpp/rclcpp/client.hpp:40[m[K,
[4.440s]                  from [01m[K/opt/ros/humble/include/rclcpp/rclcpp/callback_group.hpp:24[m[K,
[4.440s]                  from [01m[K/opt/ros/humble/include/rclcpp/rclcpp/any_executable.hpp:20[m[K,
[4.440s]                  from [01m[K/opt/ros/humble/include/rclcpp/rclcpp/memory_strategy.hpp:25[m[K,
[4.440s]                  from [01m[K/opt/ros/humble/include/rclcpp/rclcpp/memory_strategies.hpp:18[m[K,
[4.440s]                  from [01m[K/opt/ros/humble/include/rclcpp/rclcpp/executor_options.hpp:20[m[K,
[4.440s]                  from [01m[K/opt/ros/humble/include/rclcpp/rclcpp/executor.hpp:37[m[K,
[4.440s]                  from [01m[K/opt/ros/humble/include/rclcpp/rclcpp/executors/multi_threaded_executor.hpp:25[m[K,
[4.440s]                  from [01m[K/opt/ros/humble/include/rclcpp/rclcpp/executors.hpp:21[m[K,
[4.440s]                  from [01m[K/opt/ros/humble/include/rclcpp/rclcpp/rclcpp.hpp:155[m[K,
[4.440s]                  from [01m[K/home/jason/Desktop/navi/src/localization/FAST_LIO/src/laserMapping.cpp:45[m[K:
[4.440s] [01m[K/home/jason/Desktop/navi/src/localization/FAST_LIO/src/laserMapping.cpp:536:21:[m[K [01;31m[Kerror: [m[Kinvalid use of â€˜[01m[Kthis[m[Kâ€™ in non-member function
[4.440s]   536 |         RCLCPP_INFO([01;31m[Kthis[m[K->get_logger(), "scan_pub_en");
[4.440s]       |                     [01;31m[K^~~~[m[K
[4.440s] [01m[K/home/jason/Desktop/navi/src/localization/FAST_LIO/src/laserMapping.cpp:536:21:[m[K [01;31m[Kerror: [m[Kinvalid use of â€˜[01m[Kthis[m[Kâ€™ in non-member function
[4.440s]   536 |         RCLCPP_INFO([01;31m[Kthis[m[K->get_logger(), "scan_pub_en");
[4.440s]       |                     [01;31m[K^~~~[m[K
[22.454s] gmake[2]: *** [CMakeFiles/fastlio_mapping.dir/build.make:76: CMakeFiles/fastlio_mapping.dir/src/laserMapping.cpp.o] Error 1
[22.454s] gmake[1]: *** [CMakeFiles/Makefile2:593: CMakeFiles/fastlio_mapping.dir/all] Error 2
[22.454s] gmake: *** [Makefile:146: all] Error 2
[22.456s] Invoked command in '/home/jason/Desktop/navi/build/fast_lio' returned '2': CMAKE_PREFIX_PATH=/home/jason/Desktop/navi/install/livox_ros_driver2:/home/jason/Desktop/auto_aim/install/rm_vision_bringup:/home/jason/Desktop/auto_aim/install/rm_serial_driver:/home/jason/Desktop/auto_aim/install/rm_gimbal_description:/home/jason/Desktop/auto_aim/install/rm_auto_aim:/home/jason/Desktop/auto_aim/install/mindvision_camera:/home/jason/Desktop/auto_aim/install/hik_camera:/home/jason/Desktop/auto_aim/install/armor_tracker:/home/jason/Desktop/auto_aim/install/armor_detector:/home/jason/Desktop/auto_aim/install/auto_aim_interfaces:/home/jason/Desktop/Decision_moudle/install/decision_moudle:/home/jason/Desktop/navi/install/waypoint_rviz_plugin:/home/jason/Desktop/navi/install/waypoint_example:/home/jason/Desktop/navi/install/visualization_tools:/home/jason/Desktop/navi/install/velodyne_simulator:/home/jason/Desktop/navi/install/velodyne_gazebo_plugins:/home/jason/Desktop/navi/install/velodyne_description:/home/jason/Desktop/navi/install/rm_nav_bringup:/home/jason/Desktop/navi/install/vehicle_simulator:/home/jason/Desktop/navi/install/terrain_analysis_ext:/home/jason/Desktop/navi/install/terrain_analysis:/home/jason/Desktop/navi/install/sensor_scan_generation:/home/jason/Desktop/navi/install/path2waypoint:/home/jason/Desktop/navi/install/mapping:/home/jason/Desktop/navi/install/local_planner:/home/jason/Desktop/navi/install/loam_interface:/home/jason/Desktop/navi/install/fast_lio:/home/jason/Desktop/navi/install/linefit_ground_segmentation_ros:/home/jason/Desktop/navi/install/linefit_ground_segmentation:/home/jason/Desktop/navi/install/joy:/home/jason/Desktop/navi/install/icp_localization_ros2:/home/jason/Desktop/navi/install/a_star:/opt/ros/humble LD_LIBRARY_PATH=/home/jason/Desktop/navi/install/livox_ros_driver2/lib:/home/jason/Desktop/auto_aim/install/rm_serial_driver/lib:/home/jason/Desktop/auto_aim/install/mindvision_camera/lib:/home/jason/Desktop/auto_aim/install/hik_camera/lib:/home/jason/Desktop/auto_aim/install/armor_tracker/lib:/home/jason/Desktop/auto_aim/install/armor_detector/lib:/home/jason/Desktop/auto_aim/install/auto_aim_interfaces/lib:/home/jason/Desktop/Decision_moudle/install/decision_moudle/lib:/home/jason/Desktop/navi/install/velodyne_gazebo_plugins/lib:/home/jason/Desktop/navi/install/fast_lio/lib:/home/jason/Desktop/navi/install/linefit_ground_segmentation/lib:/home/jason/Desktop/navi/install/joy/lib:/home/jason/Desktop/navi/install/a_star/lib:/opt/MVS/lib/64:/opt/MVS/lib/32:/usr/lib/x86_64-linux-gnu/gazebo-11/plugins:/opt/ros/humble/opt/rviz_ogre_vendor/lib:/opt/ros/humble/lib/x86_64-linux-gnu:/opt/ros/humble/lib:/opt/MVS/lib/64:/opt/MVS/lib/32:/opt/MVS/lib/64:/opt/MVS/lib/32 /usr/bin/cmake --build /home/jason/Desktop/navi/build/fast_lio -- -j20 -l20
